20:16:12.604 [TestNG-tests-1] INFO  com.opencart.testcases.TCRegisterAccount - ***** Driver Initiation *****
20:16:28.307 [TestNG-tests-1] INFO  com.opencart.testcases.TCRegisterAccount - ***** TC Register Account Begins *****
20:16:28.736 [TestNG-tests-1] INFO  com.opencart.testcases.TCRegisterAccount - Clicked on my account dropdown
20:16:30.121 [TestNG-tests-1] INFO  com.opencart.testcases.TCRegisterAccount -  Clicked on register link
20:16:30.416 [TestNG-tests-1] INFO  com.opencart.testcases.TCRegisterAccount - Entered first name
20:16:30.622 [TestNG-tests-1] INFO  com.opencart.testcases.TCRegisterAccount - Entered last name
20:16:30.892 [TestNG-tests-1] INFO  com.opencart.testcases.TCRegisterAccount - Entered email
20:16:31.077 [TestNG-tests-1] INFO  com.opencart.testcases.TCRegisterAccount - Entered password
20:16:31.163 [TestNG-tests-1] INFO  com.opencart.testcases.TCRegisterAccount - Accepted privacy policy
20:16:31.243 [TestNG-tests-1] INFO  com.opencart.testcases.TCRegisterAccount - Clicked on continue button
20:16:32.835 [TestNG-tests-1] INFO  com.opencart.testcases.TCRegisterAccount - ***** TC Login Ends *****
20:16:33.515 [TestNG-tests-1] INFO  com.opencart.testcases.TCRegisterAccount - ***** Driver Closure *****
20:16:33.519 [TestNG-tests-1] INFO  com.opencart.testcases.TCLogin - ***** Driver Initiation *****
20:16:42.669 [TestNG-tests-1] INFO  com.opencart.testcases.TCLogin - ***** TC Login Begins *****
20:16:42.916 [TestNG-tests-1] INFO  com.opencart.testcases.TCLogin - ***** Clicked on My Account dropdown *****
20:16:43.953 [TestNG-tests-1] INFO  com.opencart.testcases.TCLogin - ***** Clicked on login link *****
20:16:44.283 [TestNG-tests-1] INFO  com.opencart.testcases.TCLogin - ***** Entered email address *****
20:16:44.453 [TestNG-tests-1] INFO  com.opencart.testcases.TCLogin - ***** Entered password *****
20:16:44.611 [TestNG-tests-1] INFO  com.opencart.testcases.TCLogin - ***** Clicked on login button *****
20:16:45.631 [TestNG-tests-1] INFO  com.opencart.testcases.TCLogin - ***** Verifying the My account page is displayed or not *****
20:16:46.745 [TestNG-tests-1] INFO  com.opencart.testcases.TCLogin - ***** Clicked on logout button *****
20:16:46.745 [TestNG-tests-1] INFO  com.opencart.testcases.TCLogin - ***** TC Login Ends *****
20:16:46.936 [TestNG-tests-1] INFO  com.opencart.testcases.TCLogin - ***** TC Login Begins *****
20:16:47.065 [TestNG-tests-1] INFO  com.opencart.testcases.TCLogin - ***** Clicked on My Account dropdown *****
20:16:47.847 [TestNG-tests-1] INFO  com.opencart.testcases.TCLogin - ***** Clicked on login link *****
20:16:48.094 [TestNG-tests-1] INFO  com.opencart.testcases.TCLogin - ***** Entered email address *****
20:16:48.259 [TestNG-tests-1] INFO  com.opencart.testcases.TCLogin - ***** Entered password *****
20:16:48.406 [TestNG-tests-1] INFO  com.opencart.testcases.TCLogin - ***** Clicked on login button *****
20:16:49.373 [TestNG-tests-1] INFO  com.opencart.testcases.TCLogin - ***** Verifying the My account page is displayed or not *****
20:16:50.610 [TestNG-tests-1] INFO  com.opencart.testcases.TCLogin - ***** Clicked on logout button *****
20:16:50.610 [TestNG-tests-1] INFO  com.opencart.testcases.TCLogin - ***** TC Login Ends *****
20:16:50.814 [TestNG-tests-1] INFO  com.opencart.testcases.TCLogin - ***** TC Login Begins *****
20:16:50.977 [TestNG-tests-1] INFO  com.opencart.testcases.TCLogin - ***** Clicked on My Account dropdown *****
20:16:51.833 [TestNG-tests-1] INFO  com.opencart.testcases.TCLogin - ***** Clicked on login link *****
20:16:52.163 [TestNG-tests-1] INFO  com.opencart.testcases.TCLogin - ***** Entered email address *****
20:16:52.356 [TestNG-tests-1] INFO  com.opencart.testcases.TCLogin - ***** Entered password *****
20:16:52.482 [TestNG-tests-1] INFO  com.opencart.testcases.TCLogin - ***** Clicked on login button *****
20:16:53.474 [TestNG-tests-1] INFO  com.opencart.testcases.TCLogin - ***** Verifying the My account page is displayed or not *****
20:16:54.896 [TestNG-tests-1] INFO  com.opencart.testcases.TCLogin - ***** Clicked on logout button *****
20:16:54.896 [TestNG-tests-1] INFO  com.opencart.testcases.TCLogin - ***** TC Login Ends *****
20:16:55.497 [TestNG-tests-1] INFO  com.opencart.testcases.TCLogin - ***** Driver Closure *****
20:19:10.004 [TestNG-tests-1] INFO  com.opencart.testcases.TCRegisterAccount - ***** Driver Initiation *****
20:19:16.882 [TestNG-tests-1] INFO  com.opencart.testcases.TCRegisterAccount - ***** TC Register Account Begins *****
20:19:17.257 [TestNG-tests-1] INFO  com.opencart.testcases.TCRegisterAccount - Clicked on my account dropdown
20:19:18.342 [TestNG-tests-1] INFO  com.opencart.testcases.TCRegisterAccount -  Clicked on register link
20:19:18.657 [TestNG-tests-1] INFO  com.opencart.testcases.TCRegisterAccount - Entered first name
20:19:18.862 [TestNG-tests-1] INFO  com.opencart.testcases.TCRegisterAccount - Entered last name
20:19:19.205 [TestNG-tests-1] INFO  com.opencart.testcases.TCRegisterAccount - Entered email
20:19:19.394 [TestNG-tests-1] INFO  com.opencart.testcases.TCRegisterAccount - Entered password
20:19:19.462 [TestNG-tests-1] INFO  com.opencart.testcases.TCRegisterAccount - Accepted privacy policy
20:19:19.559 [TestNG-tests-1] INFO  com.opencart.testcases.TCRegisterAccount - Clicked on continue button
20:19:20.609 [TestNG-tests-1] INFO  com.opencart.testcases.TCRegisterAccount - ***** TC Login Ends *****
20:19:21.339 [TestNG-tests-1] INFO  com.opencart.testcases.TCRegisterAccount - ***** Driver Closure *****
20:19:21.342 [TestNG-tests-1] INFO  com.opencart.testcases.TCLogin - ***** Driver Initiation *****
20:19:28.986 [TestNG-tests-1] INFO  com.opencart.testcases.TCLogin - ***** TC Login Begins *****
20:19:29.176 [TestNG-tests-1] INFO  com.opencart.testcases.TCLogin - ***** Clicked on My Account dropdown *****
20:19:30.036 [TestNG-tests-1] INFO  com.opencart.testcases.TCLogin - ***** Clicked on login link *****
20:19:30.423 [TestNG-tests-1] INFO  com.opencart.testcases.TCLogin - ***** Entered email address *****
20:19:30.627 [TestNG-tests-1] INFO  com.opencart.testcases.TCLogin - ***** Entered password *****
20:19:30.780 [TestNG-tests-1] INFO  com.opencart.testcases.TCLogin - ***** Clicked on login button *****
20:19:31.693 [TestNG-tests-1] INFO  com.opencart.testcases.TCLogin - ***** Verifying the My account page is displayed or not *****
20:19:32.711 [TestNG-tests-1] INFO  com.opencart.testcases.TCLogin - ***** Clicked on logout button *****
20:19:32.713 [TestNG-tests-1] INFO  com.opencart.testcases.TCLogin - ***** TC Login Ends *****
20:19:32.960 [TestNG-tests-1] INFO  com.opencart.testcases.TCLogin - ***** TC Login Begins *****
20:19:33.131 [TestNG-tests-1] INFO  com.opencart.testcases.TCLogin - ***** Clicked on My Account dropdown *****
20:19:33.833 [TestNG-tests-1] INFO  com.opencart.testcases.TCLogin - ***** Clicked on login link *****
20:19:34.177 [TestNG-tests-1] INFO  com.opencart.testcases.TCLogin - ***** Entered email address *****
20:19:34.354 [TestNG-tests-1] INFO  com.opencart.testcases.TCLogin - ***** Entered password *****
20:19:34.495 [TestNG-tests-1] INFO  com.opencart.testcases.TCLogin - ***** Clicked on login button *****
20:19:35.390 [TestNG-tests-1] INFO  com.opencart.testcases.TCLogin - ***** Verifying the My account page is displayed or not *****
20:19:36.314 [TestNG-tests-1] INFO  com.opencart.testcases.TCLogin - ***** Clicked on logout button *****
20:19:36.314 [TestNG-tests-1] INFO  com.opencart.testcases.TCLogin - ***** TC Login Ends *****
20:19:36.521 [TestNG-tests-1] INFO  com.opencart.testcases.TCLogin - ***** TC Login Begins *****
20:19:36.645 [TestNG-tests-1] INFO  com.opencart.testcases.TCLogin - ***** Clicked on My Account dropdown *****
20:19:37.381 [TestNG-tests-1] INFO  com.opencart.testcases.TCLogin - ***** Clicked on login link *****
20:19:37.709 [TestNG-tests-1] INFO  com.opencart.testcases.TCLogin - ***** Entered email address *****
20:19:37.889 [TestNG-tests-1] INFO  com.opencart.testcases.TCLogin - ***** Entered password *****
20:19:38.019 [TestNG-tests-1] INFO  com.opencart.testcases.TCLogin - ***** Clicked on login button *****
20:19:38.919 [TestNG-tests-1] INFO  com.opencart.testcases.TCLogin - ***** Verifying the My account page is displayed or not *****
20:19:41.315 [TestNG-tests-1] INFO  com.opencart.testcases.TCLogin - ***** Clicked on logout button *****
20:19:41.315 [TestNG-tests-1] INFO  com.opencart.testcases.TCLogin - ***** TC Login Ends *****
20:19:42.077 [TestNG-tests-1] INFO  com.opencart.testcases.TCLogin - ***** Driver Closure *****
